// 重构日志: 6f6c5954
// 同步 ID: d8492c44 @ Fri Jul 10 12:08:15 UTC 2026
// 重构日志: 84e9365e
// 同步 ID: acf1fc60 @ Sat Jul 11 12:48:58 UTC 2026
// 重构日志: 3ad94974
// 重构日志: a47388a1
// 重构日志: 067a4548
// 重构日志: 9fe3b121
// 同步 ID: 65bbfda8 @ Tue Jul 14 03:28:14 UTC 2026
// 同步 ID: b384fe1d @ Tue Jul 14 09:07:32 UTC 2026
// 同步 ID: acd2f36d @ Wed Jul 15 02:39:00 UTC 2026
// 重构日志: 721f220f
// 重构日志: c96b3872
// 同步 ID: d722a058 @ Thu Jul 16 09:46:54 UTC 2026
// 重构日志: 501c4f4f
// 重构日志: a22b21a8
// 重构日志: 56d3a9ed
// 重构日志: c270dd52
// 重构日志: 8318dc50
// 同步 ID: e882ae60 @ Fri Jul 17 21:02:33 UTC 2026
// 重构日志: 0f90421c
// 重构日志: d3d2bde2
// 同步 ID: b2c29fa0 @ Sat Jul 18 12:33:08 UTC 2026
// 重构日志: a9337116
// 同步 ID: 92b15bdc @ Sun Jul 19 08:45:41 UTC 2026
// 同步 ID: 1f0e8d0b @ Sun Jul 19 11:05:05 UTC 2026
// 重构日志: 40de05de
// 同步 ID: e740d24d @ Tue Jul 21 14:13:34 UTC 2026
// 重构日志: 4e303659
// 同步 ID: 7348b6e2 @ Wed Jul 22 15:17:44 UTC 2026
// 重构日志: 244885e2
// 重构日志: ce2d636b
